# JRE version: OpenJDK Runtime Environment (8.0_152-b06) (build 1.8.0_152-release-1136-b06)
# Java VM: OpenJDK 64-Bit Server VM (25.152-b06 mixed mode linux-amd64 compressed oops)
Heap:
 PSYoungGen      total 51712K, used 36437K [0x00000000e0000000, 0x00000000e6500000, 0x0000000100000000)
  eden space 48128K, 68% used [0x00000000e0000000,0x00000000e2019730,0x00000000e2f00000)
  from space 3584K, 99% used [0x00000000e2f00000,0x00000000e327c010,0x00000000e3280000)
  to   space 3584K, 0% used [0x00000000e6180000,0x00000000e6180000,0x00000000e6500000)
 ParOldGen       total 62976K, used 4965K [0x00000000a0000000, 0x00000000a3d80000, 0x00000000e0000000)
  object space 62976K, 7% used [0x00000000a0000000,0x00000000a04d97c8,0x00000000a3d80000)
 Metaspace       used 16842K, capacity 17210K, committed 17536K, reserved 1064960K
  class space    used 2448K, capacity 2573K, committed 2688K, reserved 1048576K
GC Heap History (6 events):
Event: 0.534 GC heap before
{Heap before GC invocations=1 (full 0):
 PSYoungGen      total 27648K, used 24064K [0x00000000e0000000, 0x00000000e1e80000, 0x0000000100000000)
  eden space 24064K, 100% used [0x00000000e0000000,0x00000000e1780000,0x00000000e1780000)
  from space 3584K, 0% used [0x00000000e1b00000,0x00000000e1b00000,0x00000000e1e80000)
  to   space 3584K, 0% used [0x00000000e1780000,0x00000000e1780000,0x00000000e1b00000)
 ParOldGen       total 62976K, used 0K [0x00000000a0000000, 0x00000000a3d80000, 0x00000000e0000000)
  object space 62976K, 0% used [0x00000000a0000000,0x00000000a0000000,0x00000000a3d80000)
 Metaspace       used 6788K, capacity 6914K, committed 7168K, reserved 1056768K
  class space    used 837K, capacity 907K, committed 1024K, reserved 1048576K
Event: 0.540 GC heap after
Heap after GC invocations=1 (full 0):
 PSYoungGen      total 27648K, used 3559K [0x00000000e0000000, 0x00000000e3600000, 0x0000000100000000)
  eden space 24064K, 0% used [0x00000000e0000000,0x00000000e0000000,0x00000000e1780000)
  from space 3584K, 99% used [0x00000000e1780000,0x00000000e1af9ca0,0x00000000e1b00000)
  to   space 3584K, 0% used [0x00000000e3280000,0x00000000e3280000,0x00000000e3600000)
 ParOldGen       total 62976K, used 478K [0x00000000a0000000, 0x00000000a3d80000, 0x00000000e0000000)
  object space 62976K, 0% used [0x00000000a0000000,0x00000000a00779f0,0x00000000a3d80000)
 Metaspace       used 6788K, capacity 6914K, committed 7168K, reserved 1056768K
  class space    used 837K, capacity 907K, committed 1024K, reserved 1048576K
}
Event: 0.717 GC heap before
{Heap before GC invocations=2 (full 0):
 PSYoungGen      total 27648K, used 27623K [0x00000000e0000000, 0x00000000e3600000, 0x0000000100000000)
  eden space 24064K, 100% used [0x00000000e0000000,0x00000000e1780000,0x00000000e1780000)
  from space 3584K, 99% used [0x00000000e1780000,0x00000000e1af9ca0,0x00000000e1b00000)
  to   space 3584K, 0% used [0x00000000e3280000,0x00000000e3280000,0x00000000e3600000)
 ParOldGen       total 62976K, used 478K [0x00000000a0000000, 0x00000000a3d80000, 0x00000000e0000000)
  object space 62976K, 0% used [0x00000000a0000000,0x00000000a00779f0,0x00000000a3d80000)
 Metaspace       used 7129K, capacity 7292K, committed 7424K, reserved 1056768K
  class space    used 897K, capacity 948K, committed 1024K, reserved 1048576K
Event: 0.721 GC heap after
Heap after GC invocations=2 (full 0):
 PSYoungGen      total 51712K, used 2901K [0x00000000e0000000, 0x00000000e3600000, 0x0000000100000000)
  eden space 48128K, 0% used [0x00000000e0000000,0x00000000e0000000,0x00000000e2f00000)
  from space 3584K, 80% used [0x00000000e3280000,0x00000000e3555638,0x00000000e3600000)
  to   space 3584K, 0% used [0x00000000e2f00000,0x00000000e2f00000,0x00000000e3280000)
 ParOldGen       total 62976K, used 486K [0x00000000a0000000, 0x00000000a3d80000, 0x00000000e0000000)
  object space 62976K, 0% used [0x00000000a0000000,0x00000000a00799f0,0x00000000a3d80000)
 Metaspace       used 7129K, capacity 7292K, committed 7424K, reserved 1056768K
  class space    used 897K, capacity 948K, committed 1024K, reserved 1048576K
}
Event: 1.634 GC heap before
{Heap before GC invocations=3 (full 0):
 PSYoungGen      total 51712K, used 51029K [0x00000000e0000000, 0x00000000e3600000, 0x0000000100000000)
  eden space 48128K, 100% used [0x00000000e0000000,0x00000000e2f00000,0x00000000e2f00000)
  from space 3584K, 80% used [0x00000000e3280000,0x00000000e3555638,0x00000000e3600000)
  to   space 3584K, 0% used [0x00000000e2f00000,0x00000000e2f00000,0x00000000e3280000)
 ParOldGen       total 62976K, used 486K [0x00000000a0000000, 0x00000000a3d80000, 0x00000000e0000000)
  object space 62976K, 0% used [0x00000000a0000000,0x00000000a00799f0,0x00000000a3d80000)
 Metaspace       used 13533K, capacity 13826K, committed 14080K, reserved 1060864K
  class space    used 1907K, capacity 2025K, committed 2048K, reserved 1048576K
Event: 1.642 GC heap after
Heap after GC invocations=3 (full 0):
 PSYoungGen      total 51712K, used 3568K [0x00000000e0000000, 0x00000000e6500000, 0x0000000100000000)
  eden space 48128K, 0% used [0x00000000e0000000,0x00000000e0000000,0x00000000e2f00000)
  from space 3584K, 99% used [0x00000000e2f00000,0x00000000e327c010,0x00000000e3280000)
  to   space 3584K, 0% used [0x00000000e6180000,0x00000000e6180000,0x00000000e6500000)
 ParOldGen       total 62976K, used 4965K [0x00000000a0000000, 0x00000000a3d80000, 0x00000000e0000000)
  object space 62976K, 7% used [0x00000000a0000000,0x00000000a04d97c8,0x00000000a3d80000)
 Metaspace       used 13533K, capacity 13826K, committed 14080K, reserved 1060864K
  class space    used 1907K, capacity 2025K, committed 2048K, reserved 1048576K
}

